[ 50%] Built target algo_node
[ 75%] [32mBuilding CXX object CMakeFiles/motor_controller.dir/src/motor_controller.cpp.o[0m
[01m[K/home/nguyen-anh-dung/ros2_ws/src/robot/src/motor_controller.cpp:[m[K In member function â€˜[01m[Kvoid MotorController::[01;32m[KcmdVelCallback[m[K(geometry_msgs::msg::Twist_<std::allocator<void> >::SharedPtr)[m[Kâ€™:
[01m[K/home/nguyen-anh-dung/ros2_ws/src/robot/src/motor_controller.cpp:53:41:[m[K [01;31m[Kerror: [m[Kâ€˜[01m[Kwheel_msg[m[Kâ€™ was not declared in this scope; did you mean â€˜[01m[Kwheels[m[Kâ€™?
   53 |         wheel_speed_publisher_->publish([01;31m[Kwheel_msg[m[K);
      |                                         [01;31m[K^~~~~~~~~[m[K
      |                                         [32m[Kwheels[m[K
gmake[2]: *** [CMakeFiles/motor_controller.dir/build.make:76: CMakeFiles/motor_controller.dir/src/motor_controller.cpp.o] Error 1
gmake[1]: *** [CMakeFiles/Makefile2:165: CMakeFiles/motor_controller.dir/all] Error 2
gmake: *** [Makefile:146: all] Error 2
