[ 14%] Built target trajectory
[ 28%] Built target trajectory2
[ 42%] Built target tof_servoing
[ 57%] Built target line_servoing_dual
[ 64%] [32mBuilding CXX object CMakeFiles/line_servoing_front.dir/src/line_servoing_front.cpp.o[0m
[ 78%] Built target motor_controller
[ 92%] Built target algo_node
[01m[K/home/nguyen-anh-dung/ros2_ws/src/robot/src/line_servoing_front.cpp:[m[K In member function â€˜[01m[Kfloat line_servoing_front::[01;32m[KcomputeError[m[K(float, float, float)[m[Kâ€™:
[01m[K/home/nguyen-anh-dung/ros2_ws/src/robot/src/line_servoing_front.cpp:66:22:[m[K [01;31m[Kerror: [m[Kâ€˜[01m[Kjaune_r[m[Kâ€™ was not declared in this scope
   66 |             return (([01;31m[Kjaune_r[m[K - red) + (jaune_g - green) + (jaune_b - blue)) / 3.0;
      |                      [01;31m[K^~~~~~~[m[K
[01m[K/home/nguyen-anh-dung/ros2_ws/src/robot/src/line_servoing_front.cpp:66:40:[m[K [01;31m[Kerror: [m[Kâ€˜[01m[Kjaune_g[m[Kâ€™ was not declared in this scope; did you mean â€˜[01m[Kjaune_max_g[m[Kâ€™?
   66 |             return ((jaune_r - red) + ([01;31m[Kjaune_g[m[K - green) + (jaune_b - blue)) / 3.0;
      |                                        [01;31m[K^~~~~~~[m[K
      |                                        [32m[Kjaune_max_g[m[K
[01m[K/home/nguyen-anh-dung/ros2_ws/src/robot/src/line_servoing_front.cpp:66:60:[m[K [01;31m[Kerror: [m[Kâ€˜[01m[Kjaune_b[m[Kâ€™ was not declared in this scope; did you mean â€˜[01m[Kjaune_max_b[m[Kâ€™?
   66 |             return ((jaune_r - red) + (jaune_g - green) + ([01;31m[Kjaune_b[m[K - blue)) / 3.0;
      |                                                            [01;31m[K^~~~~~~[m[K
      |                                                            [32m[Kjaune_max_b[m[K
gmake[2]: *** [CMakeFiles/line_servoing_front.dir/build.make:76: CMakeFiles/line_servoing_front.dir/src/line_servoing_front.cpp.o] Error 1
gmake[1]: *** [CMakeFiles/Makefile2:279: CMakeFiles/line_servoing_front.dir/all] Error 2
gmake: *** [Makefile:146: all] Error 2
