[01m[K/home/nguyen-anh-dung/ros2_ws/src/robot/src/line_wall_follower.cpp:[m[K In member function â€˜[01m[Kvoid line_wall_follower::[01;32m[KcontrolRobot[m[K()[m[Kâ€™:
[01m[K/home/nguyen-anh-dung/ros2_ws/src/robot/src/line_wall_follower.cpp:124:27:[m[K [01;31m[Kerror: [m[Kâ€˜[01m[KADJUST_DISTANCE[m[Kâ€™ was not declared in this scope
  124 |         else if (state == [01;31m[KADJUST_DISTANCE[m[K)
      |                           [01;31m[K^~~~~~~~~~~~~~~[m[K
gmake[2]: *** [CMakeFiles/line_wall_follower.dir/build.make:76: CMakeFiles/line_wall_follower.dir/src/line_wall_follower.cpp.o] Error 1
gmake[1]: *** [CMakeFiles/Makefile2:333: CMakeFiles/line_wall_follower.dir/all] Error 2
gmake: *** [Makefile:146: all] Error 2
