[ 20%] Built target algo_node
[ 70%] Built target motor_controller
[ 80%] Built target trajectory
[ 80%] Built target trajectory2
[ 90%] [32mBuilding CXX object CMakeFiles/tof_servoing.dir/src/tof_servoing.cpp.o[0m
[01m[K/home/nguyen-anh-dung/ros2_ws/src/robot/src/tof_servoing.cpp:32:9:[m[K [01;31m[Kerror: [m[Kexpected â€˜[01m[K;[m[Kâ€™ before â€˜[01m[Kvoid[m[Kâ€™
   32 |         [01;31m[Kvoid[m[K distanceCallback(const std_msgs::msg::Float32::SharedPtr msg)
      |         [01;31m[K^~~~[m[K
[01m[K/home/nguyen-anh-dung/ros2_ws/src/robot/src/tof_servoing.cpp:[m[K In constructor â€˜[01m[KTof_servoing::[01;32m[KTof_servoing[m[K()[m[Kâ€™:
[01m[K/home/nguyen-anh-dung/ros2_ws/src/robot/src/tof_servoing.cpp:18:13:[m[K [01;31m[Kerror: [m[Kâ€˜[01m[Kdist_sub_[m[Kâ€™ was not declared in this scope
   18 |             [01;31m[Kdist_sub_[m[K = this->create_subscription<std_msgs::msg::Float32>("/RoverC/distance", 10,
      |             [01;31m[K^~~~~~~~~[m[K
[01m[K/home/nguyen-anh-dung/ros2_ws/src/robot/src/tof_servoing.cpp:19:58:[m[K [01;31m[Kerror: [m[Kâ€˜[01m[KdistanceCallback[m[Kâ€™ is not a member of â€˜[01m[KTof_servoing[m[Kâ€™
   19 |                                 std::bind(&Tof_servoing::[01;31m[KdistanceCallback[m[K, this, _1));
      |                                                          [01;31m[K^~~~~~~~~~~~~~~~[m[K
gmake[2]: *** [CMakeFiles/tof_servoing.dir/build.make:76: CMakeFiles/tof_servoing.dir/src/tof_servoing.cpp.o] Error 1
gmake[1]: *** [CMakeFiles/Makefile2:249: CMakeFiles/tof_servoing.dir/all] Error 2
gmake: *** [Makefile:146: all] Error 2
