[ 50%] Built target algo_node
[ 75%] [32mBuilding CXX object CMakeFiles/motor_controller.dir/src/motor_controller.cpp.o[0m
[01m[K/home/nguyen-anh-dung/ros2_ws/src/robot/src/motor_controller.cpp:[m[K In member function â€˜[01m[Kvoid MotorController::[01;32m[Ktimer_callback[m[K()[m[Kâ€™:
[01m[K/home/nguyen-anh-dung/ros2_ws/src/robot/src/motor_controller.cpp:29:9:[m[K [01;31m[Kerror: [m[Kâ€˜[01m[Kmove[m[Kâ€™ was not declared in this scope; did you mean â€˜[01m[Kstd::move[m[Kâ€™?
   29 |         [01;31m[Kmove[m[K();
      |         [01;31m[K^~~~[m[K
      |         [32m[Kstd::move[m[K
In file included from [01m[K/usr/include/c++/13/algorithm:73[m[K,
                 from [01m[K/opt/ros/jazzy/include/rcl_interfaces/rcl_interfaces/srv/detail/list_parameters__struct.hpp:11[m[K,
                 from [01m[K/opt/ros/jazzy/include/rcl_interfaces/rcl_interfaces/srv/list_parameters.hpp:7[m[K,
                 from [01m[K/opt/ros/jazzy/include/rclcpp/rclcpp/copy_all_parameter_values.hpp:21[m[K,
                 from [01m[K/opt/ros/jazzy/include/rclcpp/rclcpp/rclcpp.hpp:171[m[K,
                 from [01m[K/home/nguyen-anh-dung/ros2_ws/src/robot/src/motor_controller.cpp:6[m[K:
[01m[K/usr/include/c++/13/pstl/glue_algorithm_defs.h:353:1:[m[K [01;36m[Knote: [m[Kâ€˜[01m[Kstd::move[m[Kâ€™ declared here
  353 | [01;36m[Kmove[m[K(_ExecutionPolicy&& __exec, _ForwardIterator1 __first, _ForwardIterator1 __last, _ForwardIterator2 __d_first);
      | [01;36m[K^~~~[m[K
[01m[K/home/nguyen-anh-dung/ros2_ws/src/robot/src/motor_controller.cpp:[m[K In member function â€˜[01m[Kvoid MotorController::[01;32m[KcmdVelCallback[m[K(geometry_msgs::msg::Twist_<std::allocator<void> >::SharedPtr)[m[Kâ€™:
[01m[K/home/nguyen-anh-dung/ros2_ws/src/robot/src/motor_controller.cpp:38:9:[m[K [01;31m[Kerror: [m[Ka function-definition is not allowed here before â€˜[01m[K{[m[Kâ€™ token
   38 |         [01;31m[K{[m[K
      |         [01;31m[K^[m[K
In file included from [01m[K/opt/ros/jazzy/include/rclcpp/rclcpp/logging.hpp:24[m[K,
                 from [01m[K/opt/ros/jazzy/include/rclcpp/rclcpp/copy_all_parameter_values.hpp:27[m[K:
[01m[K/home/nguyen-anh-dung/ros2_ws/src/robot/src/motor_controller.cpp:67:83:[m[K [01;31m[Kerror: [m[Kâ€˜[01m[Kwheels[m[Kâ€™ was not declared in this scope
   67 |         RCLCPP_INFO(this->get_logger(), "Cmd wheels: FL=%d, FR=%d, RL=%d, RR=%d", [01;31m[Kwheels[m[K.front_left, wheels.front_right, wheels.rear_left, wheels.rear_right);
      |                                                                                   [01;31m[K^~~~~~[m[K
gmake[2]: *** [CMakeFiles/motor_controller.dir/build.make:76: CMakeFiles/motor_controller.dir/src/motor_controller.cpp.o] Error 1
gmake[1]: *** [CMakeFiles/Makefile2:165: CMakeFiles/motor_controller.dir/all] Error 2
gmake: *** [Makefile:146: all] Error 2
