[0.012s] Invoking command in '/home/nguyen-anh-dung/ros2_ws/build/robot': CMAKE_PREFIX_PATH=/home/nguyen-anh-dung/ros2_ws/install/roverc:/home/nguyen-anh-dung/ros2_ws/install/robot:/opt/ros/jazzy/opt/gz_math_vendor:/opt/ros/jazzy/opt/gz_utils_vendor:/opt/ros/jazzy/opt/gz_cmake_vendor:/home/nguyen-anh-dung/ros2_ws/install/roverc_client:/opt/ros/jazzy DEBUGINFOD_URLS=https://debuginfod.ubuntu.com PYTHONPATH=/home/nguyen-anh-dung/ros2_ws/install/roverc/lib/python3.12/site-packages:/home/nguyen-anh-dung/ros2_ws/install/roverc_client/lib/python3.12/site-packages:/opt/ros/jazzy/lib/python3.12/site-packages /usr/bin/cmake --build /home/nguyen-anh-dung/ros2_ws/build/robot -- -j8 -l8
[0.069s] [ 50%] Built target algo_node
[0.073s] [ 75%] [32mBuilding CXX object CMakeFiles/motor_controller.dir/src/motor_controller.cpp.o[0m
[2.394s] [01m[K/home/nguyen-anh-dung/ros2_ws/src/robot/src/motor_controller.cpp:[m[K In member function â€˜[01m[Kvoid MotorController::[01;32m[Ktimer_callback[m[K()[m[Kâ€™:
[2.394s] [01m[K/home/nguyen-anh-dung/ros2_ws/src/robot/src/motor_controller.cpp:29:9:[m[K [01;31m[Kerror: [m[Kâ€˜[01m[Kmove[m[Kâ€™ was not declared in this scope; did you mean â€˜[01m[Kstd::move[m[Kâ€™?
[2.394s]    29 |         [01;31m[Kmove[m[K();
[2.395s]       |         [01;31m[K^~~~[m[K
[2.395s]       |         [32m[Kstd::move[m[K
[2.395s] In file included from [01m[K/usr/include/c++/13/algorithm:73[m[K,
[2.395s]                  from [01m[K/opt/ros/jazzy/include/rcl_interfaces/rcl_interfaces/srv/detail/list_parameters__struct.hpp:11[m[K,
[2.395s]                  from [01m[K/opt/ros/jazzy/include/rcl_interfaces/rcl_interfaces/srv/list_parameters.hpp:7[m[K,
[2.395s]                  from [01m[K/opt/ros/jazzy/include/rclcpp/rclcpp/copy_all_parameter_values.hpp:21[m[K,
[2.395s]                  from [01m[K/opt/ros/jazzy/include/rclcpp/rclcpp/rclcpp.hpp:171[m[K,
[2.395s]                  from [01m[K/home/nguyen-anh-dung/ros2_ws/src/robot/src/motor_controller.cpp:6[m[K:
[2.395s] [01m[K/usr/include/c++/13/pstl/glue_algorithm_defs.h:353:1:[m[K [01;36m[Knote: [m[Kâ€˜[01m[Kstd::move[m[Kâ€™ declared here
[2.396s]   353 | [01;36m[Kmove[m[K(_ExecutionPolicy&& __exec, _ForwardIterator1 __first, _ForwardIterator1 __last, _ForwardIterator2 __d_first);
[2.396s]       | [01;36m[K^~~~[m[K
[2.396s] [01m[K/home/nguyen-anh-dung/ros2_ws/src/robot/src/motor_controller.cpp:[m[K In member function â€˜[01m[Kvoid MotorController::[01;32m[KcmdVelCallback[m[K(geometry_msgs::msg::Twist_<std::allocator<void> >::SharedPtr)[m[Kâ€™:
[2.396s] [01m[K/home/nguyen-anh-dung/ros2_ws/src/robot/src/motor_controller.cpp:38:9:[m[K [01;31m[Kerror: [m[Ka function-definition is not allowed here before â€˜[01m[K{[m[Kâ€™ token
[2.397s]    38 |         [01;31m[K{[m[K
[2.397s]       |         [01;31m[K^[m[K
[2.403s] In file included from [01m[K/opt/ros/jazzy/include/rclcpp/rclcpp/logging.hpp:24[m[K,
[2.403s]                  from [01m[K/opt/ros/jazzy/include/rclcpp/rclcpp/copy_all_parameter_values.hpp:27[m[K:
[2.404s] [01m[K/home/nguyen-anh-dung/ros2_ws/src/robot/src/motor_controller.cpp:67:83:[m[K [01;31m[Kerror: [m[Kâ€˜[01m[Kwheels[m[Kâ€™ was not declared in this scope
[2.404s]    67 |         RCLCPP_INFO(this->get_logger(), "Cmd wheels: FL=%d, FR=%d, RL=%d, RR=%d", [01;31m[Kwheels[m[K.front_left, wheels.front_right, wheels.rear_left, wheels.rear_right);
[2.404s]       |                                                                                   [01;31m[K^~~~~~[m[K
[4.745s] gmake[2]: *** [CMakeFiles/motor_controller.dir/build.make:76: CMakeFiles/motor_controller.dir/src/motor_controller.cpp.o] Error 1
[4.745s] gmake[1]: *** [CMakeFiles/Makefile2:165: CMakeFiles/motor_controller.dir/all] Error 2
[4.745s] gmake: *** [Makefile:146: all] Error 2
[4.747s] Invoked command in '/home/nguyen-anh-dung/ros2_ws/build/robot' returned '2': CMAKE_PREFIX_PATH=/home/nguyen-anh-dung/ros2_ws/install/roverc:/home/nguyen-anh-dung/ros2_ws/install/robot:/opt/ros/jazzy/opt/gz_math_vendor:/opt/ros/jazzy/opt/gz_utils_vendor:/opt/ros/jazzy/opt/gz_cmake_vendor:/home/nguyen-anh-dung/ros2_ws/install/roverc_client:/opt/ros/jazzy DEBUGINFOD_URLS=https://debuginfod.ubuntu.com PYTHONPATH=/home/nguyen-anh-dung/ros2_ws/install/roverc/lib/python3.12/site-packages:/home/nguyen-anh-dung/ros2_ws/install/roverc_client/lib/python3.12/site-packages:/opt/ros/jazzy/lib/python3.12/site-packages /usr/bin/cmake --build /home/nguyen-anh-dung/ros2_ws/build/robot -- -j8 -l8
