[01m[K/home/nguyen-anh-dung/ros2_ws/src/robot/src/tof_servoing.cpp:[m[K In member function â€˜[01m[Kvoid Tof_servoing::[01;32m[KdistanceCallback[m[K(std_msgs::msg::Float32_<std::allocator<void> >::SharedPtr)[m[Kâ€™:
[01m[K/home/nguyen-anh-dung/ros2_ws/src/robot/src/tof_servoing.cpp:43:13:[m[K [01;31m[Kerror: [m[Kâ€˜[01m[KRLCCP_INFO[m[Kâ€™ was not declared in this scope; did you mean â€˜[01m[KRCLCPP_INFO[m[Kâ€™?
   43 |             [01;31m[KRLCCP_INFO[m[K(get_logger(),"Error : %f, Sum : %f, Diff :  %f", error, errorsum, diff);
      |             [01;31m[K^~~~~~~~~~[m[K
      |             [32m[KRCLCPP_INFO[m[K
gmake[2]: *** [CMakeFiles/tof_servoing.dir/build.make:76: CMakeFiles/tof_servoing.dir/src/tof_servoing.cpp.o] Error 1
gmake[1]: *** [CMakeFiles/Makefile2:249: CMakeFiles/tof_servoing.dir/all] Error 2
gmake: *** [Makefile:146: all] Error 2
