[ 66%] Built target motor_controller
[ 66%] Built target algo_node
[ 83%] [32mBuilding CXX object CMakeFiles/trajectory.dir/src/trajectory.cpp.o[0m
[01m[K/home/nguyen-anh-dung/ros2_ws/src/robot/src/trajectory.cpp:[m[K In member function â€˜[01m[Kvoid Trajectory::[01;32m[Ktimer_callback[m[K()[m[Kâ€™:
[01m[K/home/nguyen-anh-dung/ros2_ws/src/robot/src/trajectory.cpp:33:21:[m[K [01;31m[Kerror: [m[Kâ€˜[01m[Kstop_timer_[m[Kâ€™ was not declared in this scope
   33 |                     [01;31m[Kstop_timer_[m[K = this->create_wall_timer(1s, std::bind(&Trajectory::avancer, this));
      |                     [01;31m[K^~~~~~~~~~~[m[K
[01m[K/home/nguyen-anh-dung/ros2_ws/src/robot/src/trajectory.cpp:34:28:[m[K [01;35m[Kwarning: [m[Kthis statement may fall through [[01;35m[K]8;;https://gcc.gnu.org/onlinedocs/gcc/Warning-Options.html#index-Wimplicit-fallthrough=-Wimplicit-fallthrough=]8;;[m[K]
   34 |                     [01;35m[Kstate_ = 1[m[K;
      |                     [01;35m[K~~~~~~~^~~[m[K
[01m[K/home/nguyen-anh-dung/ros2_ws/src/robot/src/trajectory.cpp:36:17:[m[K [01;36m[Knote: [m[Khere
   36 |                 [01;36m[Kcase[m[K 1:
      |                 [01;36m[K^~~~[m[K
[01m[K/home/nguyen-anh-dung/ros2_ws/src/robot/src/trajectory.cpp:40:28:[m[K [01;35m[Kwarning: [m[Kthis statement may fall through [[01;35m[K]8;;https://gcc.gnu.org/onlinedocs/gcc/Warning-Options.html#index-Wimplicit-fallthrough=-Wimplicit-fallthrough=]8;;[m[K]
   40 |                     [01;35m[Kstate_ = 2[m[K;
      |                     [01;35m[K~~~~~~~^~~[m[K
[01m[K/home/nguyen-anh-dung/ros2_ws/src/robot/src/trajectory.cpp:42:17:[m[K [01;36m[Knote: [m[Khere
   42 |                 [01;36m[Kcase[m[K 2:
      |                 [01;36m[K^~~~[m[K
[01m[K/home/nguyen-anh-dung/ros2_ws/src/robot/src/trajectory.cpp:46:28:[m[K [01;35m[Kwarning: [m[Kthis statement may fall through [[01;35m[K]8;;https://gcc.gnu.org/onlinedocs/gcc/Warning-Options.html#index-Wimplicit-fallthrough=-Wimplicit-fallthrough=]8;;[m[K]
   46 |                     [01;35m[Kstate_ = 3[m[K;
      |                     [01;35m[K~~~~~~~^~~[m[K
[01m[K/home/nguyen-anh-dung/ros2_ws/src/robot/src/trajectory.cpp:48:17:[m[K [01;36m[Knote: [m[Khere
   48 |                 [01;36m[Kcase[m[K 3:
      |                 [01;36m[K^~~~[m[K
gmake[2]: *** [CMakeFiles/trajectory.dir/build.make:76: CMakeFiles/trajectory.dir/src/trajectory.cpp.o] Error 1
gmake[1]: *** [CMakeFiles/Makefile2:193: CMakeFiles/trajectory.dir/all] Error 2
gmake: *** [Makefile:146: all] Error 2
