[0.014s] Invoking command in '/home/nguyen-anh-dung/ros2_ws/build/robot': CMAKE_PREFIX_PATH=/home/nguyen-anh-dung/ros2_ws/install/roverc:/home/nguyen-anh-dung/ros2_ws/install/robot:/opt/ros/jazzy/opt/gz_math_vendor:/opt/ros/jazzy/opt/gz_utils_vendor:/opt/ros/jazzy/opt/gz_cmake_vendor:/home/nguyen-anh-dung/ros2_ws/install/roverc_client:/opt/ros/jazzy DEBUGINFOD_URLS=https://debuginfod.ubuntu.com PYTHONPATH=/home/nguyen-anh-dung/ros2_ws/install/roverc/lib/python3.12/site-packages:/home/nguyen-anh-dung/ros2_ws/install/roverc_client/lib/python3.12/site-packages:/opt/ros/jazzy/lib/python3.12/site-packages /usr/bin/cmake --build /home/nguyen-anh-dung/ros2_ws/build/robot -- -j8 -l8
[0.073s] [ 66%] Built target motor_controller
[0.074s] [ 66%] Built target algo_node
[0.084s] [ 83%] [32mBuilding CXX object CMakeFiles/trajectory.dir/src/trajectory.cpp.o[0m
[2.456s] [01m[K/home/nguyen-anh-dung/ros2_ws/src/robot/src/trajectory.cpp:[m[K In member function â€˜[01m[Kvoid Trajectory::[01;32m[Ktimer_callback[m[K()[m[Kâ€™:
[2.456s] [01m[K/home/nguyen-anh-dung/ros2_ws/src/robot/src/trajectory.cpp:33:21:[m[K [01;31m[Kerror: [m[Kâ€˜[01m[Kstop_timer_[m[Kâ€™ was not declared in this scope
[2.456s]    33 |                     [01;31m[Kstop_timer_[m[K = this->create_wall_timer(1s, std::bind(&Trajectory::avancer, this));
[2.456s]       |                     [01;31m[K^~~~~~~~~~~[m[K
[3.376s] [01m[K/home/nguyen-anh-dung/ros2_ws/src/robot/src/trajectory.cpp:34:28:[m[K [01;35m[Kwarning: [m[Kthis statement may fall through [[01;35m[K]8;;https://gcc.gnu.org/onlinedocs/gcc/Warning-Options.html#index-Wimplicit-fallthrough=-Wimplicit-fallthrough=]8;;[m[K]
[3.377s]    34 |                     [01;35m[Kstate_ = 1[m[K;
[3.377s]       |                     [01;35m[K~~~~~~~^~~[m[K
[3.377s] [01m[K/home/nguyen-anh-dung/ros2_ws/src/robot/src/trajectory.cpp:36:17:[m[K [01;36m[Knote: [m[Khere
[3.377s]    36 |                 [01;36m[Kcase[m[K 1:
[3.377s]       |                 [01;36m[K^~~~[m[K
[3.377s] [01m[K/home/nguyen-anh-dung/ros2_ws/src/robot/src/trajectory.cpp:40:28:[m[K [01;35m[Kwarning: [m[Kthis statement may fall through [[01;35m[K]8;;https://gcc.gnu.org/onlinedocs/gcc/Warning-Options.html#index-Wimplicit-fallthrough=-Wimplicit-fallthrough=]8;;[m[K]
[3.377s]    40 |                     [01;35m[Kstate_ = 2[m[K;
[3.378s]       |                     [01;35m[K~~~~~~~^~~[m[K
[3.378s] [01m[K/home/nguyen-anh-dung/ros2_ws/src/robot/src/trajectory.cpp:42:17:[m[K [01;36m[Knote: [m[Khere
[3.378s]    42 |                 [01;36m[Kcase[m[K 2:
[3.378s]       |                 [01;36m[K^~~~[m[K
[3.378s] [01m[K/home/nguyen-anh-dung/ros2_ws/src/robot/src/trajectory.cpp:46:28:[m[K [01;35m[Kwarning: [m[Kthis statement may fall through [[01;35m[K]8;;https://gcc.gnu.org/onlinedocs/gcc/Warning-Options.html#index-Wimplicit-fallthrough=-Wimplicit-fallthrough=]8;;[m[K]
[3.378s]    46 |                     [01;35m[Kstate_ = 3[m[K;
[3.379s]       |                     [01;35m[K~~~~~~~^~~[m[K
[3.379s] [01m[K/home/nguyen-anh-dung/ros2_ws/src/robot/src/trajectory.cpp:48:17:[m[K [01;36m[Knote: [m[Khere
[3.379s]    48 |                 [01;36m[Kcase[m[K 3:
[3.379s]       |                 [01;36m[K^~~~[m[K
[3.477s] gmake[2]: *** [CMakeFiles/trajectory.dir/build.make:76: CMakeFiles/trajectory.dir/src/trajectory.cpp.o] Error 1
[3.477s] gmake[1]: *** [CMakeFiles/Makefile2:193: CMakeFiles/trajectory.dir/all] Error 2
[3.477s] gmake: *** [Makefile:146: all] Error 2
[3.479s] Invoked command in '/home/nguyen-anh-dung/ros2_ws/build/robot' returned '2': CMAKE_PREFIX_PATH=/home/nguyen-anh-dung/ros2_ws/install/roverc:/home/nguyen-anh-dung/ros2_ws/install/robot:/opt/ros/jazzy/opt/gz_math_vendor:/opt/ros/jazzy/opt/gz_utils_vendor:/opt/ros/jazzy/opt/gz_cmake_vendor:/home/nguyen-anh-dung/ros2_ws/install/roverc_client:/opt/ros/jazzy DEBUGINFOD_URLS=https://debuginfod.ubuntu.com PYTHONPATH=/home/nguyen-anh-dung/ros2_ws/install/roverc/lib/python3.12/site-packages:/home/nguyen-anh-dung/ros2_ws/install/roverc_client/lib/python3.12/site-packages:/opt/ros/jazzy/lib/python3.12/site-packages /usr/bin/cmake --build /home/nguyen-anh-dung/ros2_ws/build/robot -- -j8 -l8
