[0.021s] Invoking command in '/home/nguyen-anh-dung/ros2_ws/build/robot': CMAKE_PREFIX_PATH=/home/nguyen-anh-dung/ros2_ws/install/roverc:/home/nguyen-anh-dung/ros2_ws/install/robot:/opt/ros/jazzy/opt/gz_math_vendor:/opt/ros/jazzy/opt/gz_utils_vendor:/opt/ros/jazzy/opt/gz_cmake_vendor:/home/nguyen-anh-dung/ros2_ws/install/roverc_client:/opt/ros/jazzy DEBUGINFOD_URLS=https://debuginfod.ubuntu.com PYTHONPATH=/home/nguyen-anh-dung/ros2_ws/install/roverc/lib/python3.12/site-packages:/home/nguyen-anh-dung/ros2_ws/install/roverc_client/lib/python3.12/site-packages:/opt/ros/jazzy/lib/python3.12/site-packages /usr/bin/cmake --build /home/nguyen-anh-dung/ros2_ws/build/robot -- -j8 -l8
[0.057s] -- Found ament_cmake: 2.5.3 (/opt/ros/jazzy/share/ament_cmake/cmake)
[0.345s] -- Found rclcpp: 28.1.6 (/opt/ros/jazzy/share/rclcpp/cmake)
[0.385s] -- Found rosidl_generator_c: 4.6.5 (/opt/ros/jazzy/share/rosidl_generator_c/cmake)
[0.398s] -- Found rosidl_generator_cpp: 4.6.5 (/opt/ros/jazzy/share/rosidl_generator_cpp/cmake)
[0.414s] -- Using all available rosidl_typesupport_c: rosidl_typesupport_fastrtps_c;rosidl_typesupport_introspection_c
[0.431s] -- Using all available rosidl_typesupport_cpp: rosidl_typesupport_fastrtps_cpp;rosidl_typesupport_introspection_cpp
[0.511s] -- Found rmw_implementation_cmake: 7.3.1 (/opt/ros/jazzy/share/rmw_implementation_cmake/cmake)
[0.513s] -- Found rmw_fastrtps_cpp: 8.4.1 (/opt/ros/jazzy/share/rmw_fastrtps_cpp/cmake)
[0.588s] -- Using RMW implementation 'rmw_fastrtps_cpp' as default
[0.668s] -- Found geometry_msgs: 5.3.5 (/opt/ros/jazzy/share/geometry_msgs/cmake)
[0.716s] -- Found roverc: 0.0.0 (/home/nguyen-anh-dung/ros2_ws/install/roverc/share/roverc/cmake)
[0.872s] -- Configuring done (0.8s)
[0.918s] -- Generating done (0.0s)
[0.936s] -- Build files have been written to: /home/nguyen-anh-dung/ros2_ws/build/robot
[0.995s] [ 10%] [32mBuilding CXX object CMakeFiles/tof_servoing.dir/src/tof_servoing.cpp.o[0m
[1.005s] [ 30%] Built target trajectory
[1.015s] [ 50%] Built target trajectory2
[1.021s] [ 70%] Built target motor_controller
[1.025s] [ 90%] Built target algo_node
[3.529s] [01m[K/home/nguyen-anh-dung/ros2_ws/src/robot/src/tof_servoing.cpp:44:27:[m[K [01;31m[Kerror: [m[Kâ€˜[01m[Kgeometry_msgs[m[Kâ€™ was not declared in this scope
[3.529s]    44 |         rclcpp::Publisher<[01;31m[Kgeometry_msgs[m[K::msg::Twist>::SharedPtr cmd_vel_pub_;
[3.529s]       |                           [01;31m[K^~~~~~~~~~~~~[m[K
[3.529s] [01m[K/home/nguyen-anh-dung/ros2_ws/src/robot/src/tof_servoing.cpp:44:52:[m[K [01;31m[Kerror: [m[Ktemplate argument 1 is invalid
[3.529s]    44 |         rclcpp::Publisher<geometry_msgs::msg::Twist[01;31m[K>[m[K::SharedPtr cmd_vel_pub_;
[3.530s]       |                                                    [01;31m[K^[m[K
[3.530s] [01m[K/home/nguyen-anh-dung/ros2_ws/src/robot/src/tof_servoing.cpp:44:55:[m[K [01;31m[Kerror: [m[Kexpected â€˜[01m[K;[m[Kâ€™ at end of member declaration
[3.530s]    44 |         rclcpp::Publisher<geometry_msgs::msg::Twist>::[01;31m[KSharedPtr[m[K cmd_vel_pub_;
[3.530s]       |                                                       [01;31m[K^~~~~~~~~[m[K
[3.530s]       |                                                                [32m[K;[m[K
[3.532s] [01m[K/home/nguyen-anh-dung/ros2_ws/src/robot/src/tof_servoing.cpp:44:65:[m[K [01;31m[Kerror: [m[Kâ€˜[01m[Kcmd_vel_pub_[m[Kâ€™ does not name a type
[3.532s]    44 |         rclcpp::Publisher<geometry_msgs::msg::Twist>::SharedPtr [01;31m[Kcmd_vel_pub_[m[K;
[3.532s]       |                                                                 [01;31m[K^~~~~~~~~~~~[m[K
[3.549s] [01m[K/home/nguyen-anh-dung/ros2_ws/src/robot/src/tof_servoing.cpp:[m[K In constructor â€˜[01m[KTof_servoing::[01;32m[KTof_servoing[m[K()[m[Kâ€™:
[3.549s] [01m[K/home/nguyen-anh-dung/ros2_ws/src/robot/src/tof_servoing.cpp:20:13:[m[K [01;31m[Kerror: [m[Kâ€˜[01m[Kcmd_vel_pub_[m[Kâ€™ was not declared in this scope
[3.549s]    20 |             [01;31m[Kcmd_vel_pub_[m[K = this->create_publisher<geometry_msgs::msg::Twist>("RoverC/cmd_vel", 10);
[3.550s]       |             [01;31m[K^~~~~~~~~~~~[m[K
[3.558s] [01m[K/home/nguyen-anh-dung/ros2_ws/src/robot/src/tof_servoing.cpp:20:51:[m[K [01;31m[Kerror: [m[Kâ€˜[01m[Kgeometry_msgs[m[Kâ€™ was not declared in this scope
[3.558s]    20 |             cmd_vel_pub_ = this->create_publisher<[01;31m[Kgeometry_msgs[m[K::msg::Twist>("RoverC/cmd_vel", 10);
[3.558s]       |                                                   [01;31m[K^~~~~~~~~~~~~[m[K
[3.558s] [01m[K/home/nguyen-anh-dung/ros2_ws/src/robot/src/tof_servoing.cpp:20:34:[m[K [01;31m[Kerror: [m[Kparse error in template argument list
[3.558s]    20 |             cmd_vel_pub_ = this->[01;31m[Kcreate_publisher<geometry_msgs::msg::Twist>[m[K("RoverC/cmd_vel", 10);
[3.559s]       |                                  [01;31m[K^~~~~~~~~~~~~~~~~~~~~~~~~~~~~~~~~~~~~~~~~~~[m[K
[3.559s] [01m[K/home/nguyen-anh-dung/ros2_ws/src/robot/src/tof_servoing.cpp:20:77:[m[K [01;31m[Kerror: [m[Kno matching function for call to â€˜[01m[KTof_servoing::create_publisher<<expression error> >(const char [15], int)[m[Kâ€™
[3.559s]    20 |             cmd_vel_pub_ = [01;31m[Kthis->create_publisher<geometry_msgs::msg::Twist>("RoverC/cmd_vel", 10)[m[K;
[3.559s]       |                            [01;31m[K~~~~~~~~~~~~~~~~~~~~~~~~~~~~~~~~~~~~~~~~~~~~~~~~~^~~~~~~~~~~~~~~~~~~~~~[m[K
[3.559s] In file included from [01m[K/opt/ros/jazzy/include/rclcpp/rclcpp/executors/single_threaded_executor.hpp:28[m[K,
[3.559s]                  from [01m[K/opt/ros/jazzy/include/rclcpp/rclcpp/executors.hpp:22[m[K,
[3.559s]                  from [01m[K/opt/ros/jazzy/include/rclcpp/rclcpp/rclcpp.hpp:172[m[K,
[3.560s]                  from [01m[K/home/nguyen-anh-dung/ros2_ws/src/robot/src/tof_servoing.cpp:6[m[K:
[3.560s] [01m[K/opt/ros/jazzy/include/rclcpp/rclcpp/node.hpp:197:3:[m[K [01;36m[Knote: [m[Kcandidate: â€˜[01m[Ktemplate<class MessageT, class AllocatorT, class PublisherT> std::shared_ptr<PublisherT> rclcpp::Node::[01;32m[Kcreate_publisher[m[K(const std::string&, const rclcpp::QoS&, const rclcpp::PublisherOptionsWithAllocator<AllocatorT>&)[m[Kâ€™
[3.560s]   197 |   [01;36m[Kcreate_publisher[m[K(
[3.560s]       |   [01;36m[K^~~~~~~~~~~~~~~~[m[K
[3.560s] [01m[K/opt/ros/jazzy/include/rclcpp/rclcpp/node.hpp:197:3:[m[K [01;36m[Knote: [m[K  template argument deduction/substitution failed:
[3.560s] [01m[K/home/nguyen-anh-dung/ros2_ws/src/robot/src/tof_servoing.cpp:20:77:[m[K [01;31m[Kerror: [m[Ktemplate argument 1 is invalid
[3.561s]    20 |             cmd_vel_pub_ = [01;31m[Kthis->create_publisher<geometry_msgs::msg::Twist>("RoverC/cmd_vel", 10)[m[K;
[3.561s]       |                            [01;31m[K~~~~~~~~~~~~~~~~~~~~~~~~~~~~~~~~~~~~~~~~~~~~~~~~~^~~~~~~~~~~~~~~~~~~~~~[m[K
[3.561s] [01m[K/home/nguyen-anh-dung/ros2_ws/src/robot/src/tof_servoing.cpp:[m[K In member function â€˜[01m[Kvoid Tof_servoing::[01;32m[KdistanceCallback[m[K(std_msgs::msg::Float32_<std::allocator<void> >::SharedPtr)[m[Kâ€™:
[3.561s] [01m[K/home/nguyen-anh-dung/ros2_ws/src/robot/src/tof_servoing.cpp:26:13:[m[K [01;31m[Kerror: [m[Kâ€˜[01m[Kgeometry_msgs[m[Kâ€™ has not been declared
[3.562s]    26 |             [01;31m[Kgeometry_msgs[m[K::msg::Twist cmd_vel;
[3.562s]       |             [01;31m[K^~~~~~~~~~~~~[m[K
[3.568s] [01m[K/home/nguyen-anh-dung/ros2_ws/src/robot/src/tof_servoing.cpp:33:17:[m[K [01;31m[Kerror: [m[Kâ€˜[01m[Kcmd_vel[m[Kâ€™ was not declared in this scope
[3.568s]    33 |                 [01;31m[Kcmd_vel[m[K.linear.x = error * 0.5;
[3.569s]       |                 [01;31m[K^~~~~~~[m[K
[3.575s] [01m[K/home/nguyen-anh-dung/ros2_ws/src/robot/src/tof_servoing.cpp:37:17:[m[K [01;31m[Kerror: [m[Kâ€˜[01m[Kcmd_vel[m[Kâ€™ was not declared in this scope
[3.575s]    37 |                 [01;31m[Kcmd_vel[m[K.linear.x = 0.0;
[3.575s]       |                 [01;31m[K^~~~~~~[m[K
[3.584s] [01m[K/home/nguyen-anh-dung/ros2_ws/src/robot/src/tof_servoing.cpp:40:13:[m[K [01;31m[Kerror: [m[Kâ€˜[01m[Kcmd_vel_pub_[m[Kâ€™ was not declared in this scope
[3.584s]    40 |             [01;31m[Kcmd_vel_pub_[m[K->publish(cmd_vel);
[3.584s]       |             [01;31m[K^~~~~~~~~~~~[m[K
[3.591s] [01m[K/home/nguyen-anh-dung/ros2_ws/src/robot/src/tof_servoing.cpp:40:35:[m[K [01;31m[Kerror: [m[Kâ€˜[01m[Kcmd_vel[m[Kâ€™ was not declared in this scope
[3.591s]    40 |             cmd_vel_pub_->publish([01;31m[Kcmd_vel[m[K);
[3.591s]       |                                   [01;31m[K^~~~~~~[m[K
[5.861s] gmake[2]: *** [CMakeFiles/tof_servoing.dir/build.make:76: CMakeFiles/tof_servoing.dir/src/tof_servoing.cpp.o] Error 1
[5.861s] gmake[1]: *** [CMakeFiles/Makefile2:249: CMakeFiles/tof_servoing.dir/all] Error 2
[5.861s] gmake: *** [Makefile:146: all] Error 2
[5.864s] Invoked command in '/home/nguyen-anh-dung/ros2_ws/build/robot' returned '2': CMAKE_PREFIX_PATH=/home/nguyen-anh-dung/ros2_ws/install/roverc:/home/nguyen-anh-dung/ros2_ws/install/robot:/opt/ros/jazzy/opt/gz_math_vendor:/opt/ros/jazzy/opt/gz_utils_vendor:/opt/ros/jazzy/opt/gz_cmake_vendor:/home/nguyen-anh-dung/ros2_ws/install/roverc_client:/opt/ros/jazzy DEBUGINFOD_URLS=https://debuginfod.ubuntu.com PYTHONPATH=/home/nguyen-anh-dung/ros2_ws/install/roverc/lib/python3.12/site-packages:/home/nguyen-anh-dung/ros2_ws/install/roverc_client/lib/python3.12/site-packages:/opt/ros/jazzy/lib/python3.12/site-packages /usr/bin/cmake --build /home/nguyen-anh-dung/ros2_ws/build/robot -- -j8 -l8
