[0.012s] Invoking command in '/home/nguyen-anh-dung/ros2_ws/build/robot': CMAKE_PREFIX_PATH=/home/nguyen-anh-dung/ros2_ws/install/roverc:/home/nguyen-anh-dung/ros2_ws/install/robot:/opt/ros/jazzy/opt/gz_math_vendor:/opt/ros/jazzy/opt/gz_utils_vendor:/opt/ros/jazzy/opt/gz_cmake_vendor:/home/nguyen-anh-dung/ros2_ws/install/roverc_client:/opt/ros/jazzy DEBUGINFOD_URLS=https://debuginfod.ubuntu.com PYTHONPATH=/home/nguyen-anh-dung/ros2_ws/install/roverc/lib/python3.12/site-packages:/home/nguyen-anh-dung/ros2_ws/install/roverc_client/lib/python3.12/site-packages:/opt/ros/jazzy/lib/python3.12/site-packages /usr/bin/cmake --build /home/nguyen-anh-dung/ros2_ws/build/robot -- -j8 -l8
[0.070s] [ 33%] Built target motor_controller
[0.075s] [ 66%] Built target algo_node
[0.081s] [ 83%] [32mBuilding CXX object CMakeFiles/trajectory.dir/src/trajectory.cpp.o[0m
[2.392s] [01m[K/home/nguyen-anh-dung/ros2_ws/src/robot/src/trajectory.cpp:[m[K In function â€˜[01m[Kint[01;32m[K main[m[K(int, char**)[m[Kâ€™:
[2.392s] [01m[K/home/nguyen-anh-dung/ros2_ws/src/robot/src/trajectory.cpp:79:33:[m[K [01;31m[Kerror: [m[Kâ€˜[01m[KAlgoNode[m[Kâ€™ was not declared in this scope
[2.392s]    79 |   rclcpp::spin(std::make_shared<[01;31m[KAlgoNode[m[K>());
[2.392s]       |                                 [01;31m[K^~~~~~~~[m[K
[2.392s] [01m[K/home/nguyen-anh-dung/ros2_ws/src/robot/src/trajectory.cpp:79:42:[m[K [01;31m[Kerror: [m[Kno matching function for call to â€˜[01m[Kmake_shared<<expression error> >()[m[Kâ€™
[2.392s]    79 |   rclcpp::spin([01;31m[Kstd::make_shared<AlgoNode>()[m[K);
[2.392s]       |                [01;31m[K~~~~~~~~~~~~~~~~~~~~~~~~~~^~[m[K
[2.392s] In file included from [01m[K/usr/include/c++/13/memory:80[m[K,
[2.392s]                  from [01m[K/home/nguyen-anh-dung/ros2_ws/src/robot/src/trajectory.cpp:3[m[K:
[2.392s] [01m[K/usr/include/c++/13/bits/shared_ptr.h:1005:5:[m[K [01;36m[Knote: [m[Kcandidate: â€˜[01m[Ktemplate<class _Tp, class ... _Args> std::shared_ptr<typename std::enable_if<(! std::is_array< <template-parameter-1-1> >::value), _Tp>::type> std::[01;32m[Kmake_shared[m[K(_Args&& ...)[m[Kâ€™
[2.392s]  1005 |     [01;36m[Kmake_shared[m[K(_Args&&... __args)
[2.392s]       |     [01;36m[K^~~~~~~~~~~[m[K
[2.393s] [01m[K/usr/include/c++/13/bits/shared_ptr.h:1005:5:[m[K [01;36m[Knote: [m[K  template argument deduction/substitution failed:
[2.393s] [01m[K/home/nguyen-anh-dung/ros2_ws/src/robot/src/trajectory.cpp:79:42:[m[K [01;31m[Kerror: [m[Ktemplate argument 1 is invalid
[2.393s]    79 |   rclcpp::spin([01;31m[Kstd::make_shared<AlgoNode>()[m[K);
[2.393s]       |                [01;31m[K~~~~~~~~~~~~~~~~~~~~~~~~~~^~[m[K
[3.320s] gmake[2]: *** [CMakeFiles/trajectory.dir/build.make:76: CMakeFiles/trajectory.dir/src/trajectory.cpp.o] Error 1
[3.320s] gmake[1]: *** [CMakeFiles/Makefile2:193: CMakeFiles/trajectory.dir/all] Error 2
[3.321s] gmake: *** [Makefile:146: all] Error 2
[3.324s] Invoked command in '/home/nguyen-anh-dung/ros2_ws/build/robot' returned '2': CMAKE_PREFIX_PATH=/home/nguyen-anh-dung/ros2_ws/install/roverc:/home/nguyen-anh-dung/ros2_ws/install/robot:/opt/ros/jazzy/opt/gz_math_vendor:/opt/ros/jazzy/opt/gz_utils_vendor:/opt/ros/jazzy/opt/gz_cmake_vendor:/home/nguyen-anh-dung/ros2_ws/install/roverc_client:/opt/ros/jazzy DEBUGINFOD_URLS=https://debuginfod.ubuntu.com PYTHONPATH=/home/nguyen-anh-dung/ros2_ws/install/roverc/lib/python3.12/site-packages:/home/nguyen-anh-dung/ros2_ws/install/roverc_client/lib/python3.12/site-packages:/opt/ros/jazzy/lib/python3.12/site-packages /usr/bin/cmake --build /home/nguyen-anh-dung/ros2_ws/build/robot -- -j8 -l8
