[01m[K/home/nguyen-anh-dung/ros2_ws/src/robot/src/trajectory.cpp:[m[K In constructor â€˜[01m[KTrajectory::[01;32m[KTrajectory[m[K()[m[Kâ€™:
[01m[K/home/nguyen-anh-dung/ros2_ws/src/robot/src/trajectory.cpp:19:76:[m[K [01;31m[Kerror: [m[Kâ€˜[01m[Ktime_callback[m[Kâ€™ is not a member of â€˜[01m[KTrajectory[m[Kâ€™
   19 |             timer_ = this->create_wall_timer(500ms, std::bind(&Trajectory::[01;31m[Ktime_callback[m[K, this));
      |                                                                            [01;31m[K^~~~~~~~~~~~~[m[K
[01m[K/home/nguyen-anh-dung/ros2_ws/src/robot/src/trajectory.cpp:23:9:[m[K [01;31m[Kerror: [m[Kexpected â€˜[01m[K;[m[Kâ€™ before â€˜[01m[K}[m[Kâ€™ token
   23 |         [01;31m[K}[m[K
      |         [01;31m[K^[m[K
[01m[K/home/nguyen-anh-dung/ros2_ws/src/robot/src/trajectory.cpp:[m[K In function â€˜[01m[Kint[01;32m[K main[m[K(int, char**)[m[Kâ€™:
[01m[K/home/nguyen-anh-dung/ros2_ws/src/robot/src/trajectory.cpp:79:33:[m[K [01;31m[Kerror: [m[Kâ€˜[01m[KAlgoNode[m[Kâ€™ was not declared in this scope
   79 |   rclcpp::spin(std::make_shared<[01;31m[KAlgoNode[m[K>());
      |                                 [01;31m[K^~~~~~~~[m[K
[01m[K/home/nguyen-anh-dung/ros2_ws/src/robot/src/trajectory.cpp:79:42:[m[K [01;31m[Kerror: [m[Kno matching function for call to â€˜[01m[Kmake_shared<<expression error> >()[m[Kâ€™
   79 |   rclcpp::spin([01;31m[Kstd::make_shared<AlgoNode>()[m[K);
      |                [01;31m[K~~~~~~~~~~~~~~~~~~~~~~~~~~^~[m[K
In file included from [01m[K/usr/include/c++/13/memory:80[m[K,
                 from [01m[K/home/nguyen-anh-dung/ros2_ws/src/robot/src/trajectory.cpp:3[m[K:
[01m[K/usr/include/c++/13/bits/shared_ptr.h:1005:5:[m[K [01;36m[Knote: [m[Kcandidate: â€˜[01m[Ktemplate<class _Tp, class ... _Args> std::shared_ptr<typename std::enable_if<(! std::is_array< <template-parameter-1-1> >::value), _Tp>::type> std::[01;32m[Kmake_shared[m[K(_Args&& ...)[m[Kâ€™
 1005 |     [01;36m[Kmake_shared[m[K(_Args&&... __args)
      |     [01;36m[K^~~~~~~~~~~[m[K
[01m[K/usr/include/c++/13/bits/shared_ptr.h:1005:5:[m[K [01;36m[Knote: [m[K  template argument deduction/substitution failed:
[01m[K/home/nguyen-anh-dung/ros2_ws/src/robot/src/trajectory.cpp:79:42:[m[K [01;31m[Kerror: [m[Ktemplate argument 1 is invalid
   79 |   rclcpp::spin([01;31m[Kstd::make_shared<AlgoNode>()[m[K);
      |                [01;31m[K~~~~~~~~~~~~~~~~~~~~~~~~~~^~[m[K
gmake[2]: *** [CMakeFiles/trajectory.dir/build.make:76: CMakeFiles/trajectory.dir/src/trajectory.cpp.o] Error 1
gmake[1]: *** [CMakeFiles/Makefile2:193: CMakeFiles/trajectory.dir/all] Error 2
gmake: *** [Makefile:146: all] Error 2
