In file included from [01m[K/opt/ros/jazzy/include/rclcpp/rclcpp/logging.hpp:24[m[K,
                 from [01m[K/opt/ros/jazzy/include/rclcpp/rclcpp/copy_all_parameter_values.hpp:27[m[K,
                 from [01m[K/opt/ros/jazzy/include/rclcpp/rclcpp/rclcpp.hpp:171[m[K,
                 from [01m[K/home/nguyen-anh-dung/ros2_ws/src/robot/src/line_servoing_front.cpp:6[m[K:
[01m[K/home/nguyen-anh-dung/ros2_ws/src/robot/src/line_servoing_front.cpp:[m[K In member function â€˜[01m[Kvoid line_servoing_front::[01;32m[KrgbcCallBack[m[K(std_msgs::msg::UInt16MultiArray_<std::allocator<void> >::SharedPtr)[m[Kâ€™:
[01m[K/home/nguyen-anh-dung/ros2_ws/src/robot/src/line_servoing_front.cpp:48:77:[m[K [01;31m[Kerror: [m[Kâ€˜[01m[Kcmd[m[Kâ€™ was not declared in this scope
   48 |       RCLCPP_INFO(this -> get_logger(), "Erreur: %f, Cmd angular z: %f", e, [01;31m[Kcmd[m[K.angular.z);
      |                                                                             [01;31m[K^~~[m[K
gmake[2]: *** [CMakeFiles/line_servoing_front.dir/build.make:76: CMakeFiles/line_servoing_front.dir/src/line_servoing_front.cpp.o] Error 1
gmake[1]: *** [CMakeFiles/Makefile2:277: CMakeFiles/line_servoing_front.dir/all] Error 2
gmake: *** [Makefile:146: all] Error 2
