[ 75%] [32mBuilding CXX object CMakeFiles/motor_controller.dir/src/motor_controller.cpp.o[0m
[ 75%] Built target algo_node
[01m[K/home/nguyen-anh-dung/ros2_ws/src/robot/src/motor_controller.cpp:[m[K In constructor â€˜[01m[KMotorController::[01;32m[KMotorController[m[K()[m[Kâ€™:
[01m[K/home/nguyen-anh-dung/ros2_ws/src/robot/src/motor_controller.cpp:24:74:[m[K [01;31m[Kerror: [m[Kâ€˜[01m[Kpublish_cmd_vel[m[Kâ€™ is not a member of â€˜[01m[KMotorController[m[Kâ€™
   24 |         timer_ = this->create_wall_timer(1s, std::bind(&MotorController::[01;31m[Kpublish_cmd_vel[m[K, this));
      |                                                                          [01;31m[K^~~~~~~~~~~~~~~[m[K
gmake[2]: *** [CMakeFiles/motor_controller.dir/build.make:76: CMakeFiles/motor_controller.dir/src/motor_controller.cpp.o] Error 1
gmake[1]: *** [CMakeFiles/Makefile2:165: CMakeFiles/motor_controller.dir/all] Error 2
gmake: *** [Makefile:146: all] Error 2
