[0.048s] Invoking command in '/home/nguyen-anh-dung/ros2_ws/build/robot': CMAKE_PREFIX_PATH=/home/nguyen-anh-dung/ros2_ws/install/roverc:/home/nguyen-anh-dung/ros2_ws/install/robot:/opt/ros/jazzy/opt/gz_math_vendor:/opt/ros/jazzy/opt/gz_utils_vendor:/opt/ros/jazzy/opt/gz_cmake_vendor:/home/nguyen-anh-dung/ros2_ws/install/roverc_client:/opt/ros/jazzy DEBUGINFOD_URLS=https://debuginfod.ubuntu.com PYTHONPATH=/home/nguyen-anh-dung/ros2_ws/install/roverc/lib/python3.12/site-packages:/home/nguyen-anh-dung/ros2_ws/install/roverc_client/lib/python3.12/site-packages:/opt/ros/jazzy/lib/python3.12/site-packages /usr/bin/cmake --build /home/nguyen-anh-dung/ros2_ws/build/robot -- -j8 -l8
[0.237s] [ 50%] [32mBuilding CXX object CMakeFiles/algo_node.dir/src/algo_node.cpp.o[0m
[8.875s] [01m[K/home/nguyen-anh-dung/ros2_ws/src/robot/src/algo_node.cpp:[m[K In member function â€˜[01m[Kvoid AlgoNode::[01;32m[Ksur_le_cote[m[K()[m[Kâ€™:
[8.876s] [01m[K/home/nguyen-anh-dung/ros2_ws/src/robot/src/algo_node.cpp:51:7:[m[K [01;31m[Kerror: [m[Kexpected â€˜[01m[K;[m[Kâ€™ before â€˜[01m[Kwheels[m[Kâ€™
[8.876s]    51 |       [01;31m[Kwheels[m[K.front_left  = 40;
[8.877s]       |       [01;31m[K^~~~~~[m[K
[8.877s] [01m[K/home/nguyen-anh-dung/ros2_ws/src/robot/src/algo_node.cpp:[m[K In member function â€˜[01m[Kvoid AlgoNode::[01;32m[Ken_travers[m[K()[m[Kâ€™:
[8.877s] [01m[K/home/nguyen-anh-dung/ros2_ws/src/robot/src/algo_node.cpp:61:7:[m[K [01;31m[Kerror: [m[Kexpected â€˜[01m[K;[m[Kâ€™ before â€˜[01m[Kwheels[m[Kâ€™
[8.878s]    61 |       [01;31m[Kwheels[m[K.front_left  = 40;
[8.878s]       |       [01;31m[K^~~~~~[m[K
[8.878s] [01m[K/home/nguyen-anh-dung/ros2_ws/src/robot/src/algo_node.cpp:[m[K In member function â€˜[01m[Kvoid AlgoNode::[01;32m[Ktourner_sur_place[m[K()[m[Kâ€™:
[8.879s] [01m[K/home/nguyen-anh-dung/ros2_ws/src/robot/src/algo_node.cpp:71:7:[m[K [01;31m[Kerror: [m[Kexpected â€˜[01m[K;[m[Kâ€™ before â€˜[01m[Kwheels[m[Kâ€™
[8.879s]    71 |       [01;31m[Kwheels[m[K.front_left  = 40;
[8.879s]       |       [01;31m[K^~~~~~[m[K
[16.743s] gmake[2]: *** [CMakeFiles/algo_node.dir/build.make:76: CMakeFiles/algo_node.dir/src/algo_node.cpp.o] Error 1
[16.744s] gmake[1]: *** [CMakeFiles/Makefile2:137: CMakeFiles/algo_node.dir/all] Error 2
[16.744s] gmake: *** [Makefile:146: all] Error 2
[16.749s] Invoked command in '/home/nguyen-anh-dung/ros2_ws/build/robot' returned '2': CMAKE_PREFIX_PATH=/home/nguyen-anh-dung/ros2_ws/install/roverc:/home/nguyen-anh-dung/ros2_ws/install/robot:/opt/ros/jazzy/opt/gz_math_vendor:/opt/ros/jazzy/opt/gz_utils_vendor:/opt/ros/jazzy/opt/gz_cmake_vendor:/home/nguyen-anh-dung/ros2_ws/install/roverc_client:/opt/ros/jazzy DEBUGINFOD_URLS=https://debuginfod.ubuntu.com PYTHONPATH=/home/nguyen-anh-dung/ros2_ws/install/roverc/lib/python3.12/site-packages:/home/nguyen-anh-dung/ros2_ws/install/roverc_client/lib/python3.12/site-packages:/opt/ros/jazzy/lib/python3.12/site-packages /usr/bin/cmake --build /home/nguyen-anh-dung/ros2_ws/build/robot -- -j8 -l8
