[0.018s] Invoking command in '/home/nguyen-anh-dung/ros2_ws/build/robot': CMAKE_PREFIX_PATH=/home/nguyen-anh-dung/ros2_ws/install/roverc:/home/nguyen-anh-dung/ros2_ws/install/robot:/opt/ros/jazzy/opt/gz_math_vendor:/opt/ros/jazzy/opt/gz_utils_vendor:/opt/ros/jazzy/opt/gz_cmake_vendor:/home/nguyen-anh-dung/ros2_ws/install/roverc_client:/opt/ros/jazzy DEBUGINFOD_URLS=https://debuginfod.ubuntu.com PYTHONPATH=/home/nguyen-anh-dung/ros2_ws/install/roverc/lib/python3.12/site-packages:/home/nguyen-anh-dung/ros2_ws/install/roverc_client/lib/python3.12/site-packages:/opt/ros/jazzy/lib/python3.12/site-packages /usr/bin/cmake --build /home/nguyen-anh-dung/ros2_ws/build/robot -- -j8 -l8
[0.043s] -- Found ament_cmake: 2.5.3 (/opt/ros/jazzy/share/ament_cmake/cmake)
[0.272s] -- Found rclcpp: 28.1.6 (/opt/ros/jazzy/share/rclcpp/cmake)
[0.312s] -- Found rosidl_generator_c: 4.6.5 (/opt/ros/jazzy/share/rosidl_generator_c/cmake)
[0.323s] -- Found rosidl_generator_cpp: 4.6.5 (/opt/ros/jazzy/share/rosidl_generator_cpp/cmake)
[0.336s] -- Using all available rosidl_typesupport_c: rosidl_typesupport_fastrtps_c;rosidl_typesupport_introspection_c
[0.350s] -- Using all available rosidl_typesupport_cpp: rosidl_typesupport_fastrtps_cpp;rosidl_typesupport_introspection_cpp
[0.421s] -- Found rmw_implementation_cmake: 7.3.1 (/opt/ros/jazzy/share/rmw_implementation_cmake/cmake)
[0.423s] -- Found rmw_fastrtps_cpp: 8.4.1 (/opt/ros/jazzy/share/rmw_fastrtps_cpp/cmake)
[0.491s] -- Using RMW implementation 'rmw_fastrtps_cpp' as default
[0.562s] -- Found geometry_msgs: 5.3.5 (/opt/ros/jazzy/share/geometry_msgs/cmake)
[0.598s] -- Found roverc: 0.0.0 (/home/nguyen-anh-dung/ros2_ws/install/roverc/share/roverc/cmake)
[0.711s] -- Configuring done (0.7s)
[0.733s] -- Generating done (0.0s)
[0.742s] -- Build files have been written to: /home/nguyen-anh-dung/ros2_ws/build/robot
[0.782s] [ 12%] [32mBuilding CXX object CMakeFiles/trajectory2.dir/src/trajectory2.cpp.o[0m
[0.786s] [ 37%] Built target motor_controller
[0.792s] [ 62%] Built target trajectory
[0.792s] [ 87%] Built target algo_node
[3.044s] [01m[K/home/nguyen-anh-dung/ros2_ws/src/robot/src/trajectory2.cpp:16:9:[m[K [01;31m[Kerror: [m[KISO C++ forbids declaration of â€˜[01m[KTrajectory[m[Kâ€™ with no type [[01;31m[K]8;;https://gcc.gnu.org/onlinedocs/gcc/Warning-Options.html#index-fpermissive-fpermissive]8;;[m[K]
[3.044s]    16 |         [01;31m[KTrajectory[m[K()
[3.044s]       |         [01;31m[K^~~~~~~~~~[m[K
[3.054s] [01m[K/home/nguyen-anh-dung/ros2_ws/src/robot/src/trajectory2.cpp:[m[K In member function â€˜[01m[Kint Trajectory2::[01;32m[KTrajectory[m[K()[m[Kâ€™:
[3.054s] [01m[K/home/nguyen-anh-dung/ros2_ws/src/robot/src/trajectory2.cpp:17:11:[m[K [01;31m[Kerror: [m[Konly constructors take member initializers
[3.054s]    17 |         : [01;31m[KNode[m[K("trajectory2")
[3.054s]       |           [01;31m[K^~~~[m[K
[3.064s] [01m[K/home/nguyen-anh-dung/ros2_ws/src/robot/src/trajectory2.cpp:23:9:[m[K [01;35m[Kwarning: [m[Kno return statement in function returning non-void [[01;35m[K]8;;https://gcc.gnu.org/onlinedocs/gcc/Warning-Options.html#index-Wreturn-type-Wreturn-type]8;;[m[K]
[3.064s]    23 |         [01;35m[K}[m[K
[3.065s]       |         [01;35m[K^[m[K
[3.806s] In file included from [01m[K/usr/include/c++/13/bits/alloc_traits.h:33[m[K,
[3.806s]                  from [01m[K/usr/include/c++/13/ext/alloc_traits.h:34[m[K,
[3.807s]                  from [01m[K/usr/include/c++/13/bits/hashtable_policy.h:39[m[K,
[3.807s]                  from [01m[K/usr/include/c++/13/bits/hashtable.h:35[m[K,
[3.807s]                  from [01m[K/usr/include/c++/13/bits/unordered_map.h:33[m[K,
[3.807s]                  from [01m[K/usr/include/c++/13/unordered_map:41[m[K,
[3.807s]                  from [01m[K/usr/include/c++/13/functional:63[m[K,
[3.807s]                  from [01m[K/home/nguyen-anh-dung/ros2_ws/src/robot/src/trajectory2.cpp:2[m[K:
[3.808s] /usr/include/c++/13/bits/stl_construct.h: In instantiation of â€˜[01m[Kvoid std::[01;32m[K_Construct[m[K(_Tp*, _Args&& ...) [35m[K[with _Tp = Trajectory2; _Args = {}][m[K[m[Kâ€™:
[3.808s] [01m[K/usr/include/c++/13/bits/alloc_traits.h:661:19:[m[K   required from â€˜[01m[Kstatic void std::allocator_traits<std::allocator<void> >::[01;32m[Kconstruct[m[K(allocator_type&, _Up*, _Args&& ...) [35m[K[with _Up = Trajectory2; _Args = {}; allocator_type = std::allocator<void>][m[K[m[Kâ€™
[3.808s] [01m[K/usr/include/c++/13/bits/shared_ptr_base.h:604:39:[m[K   required from â€˜[01m[Kstd::_Sp_counted_ptr_inplace<_Tp, _Alloc, _Lp>::[01;32m[K_Sp_counted_ptr_inplace[m[K(_Alloc, _Args&& ...) [35m[K[with _Args = {}; _Tp = Trajectory2; _Alloc = std::allocator<void>; __gnu_cxx::_Lock_policy _Lp = __gnu_cxx::_S_atomic][m[K[m[Kâ€™
[3.808s] [01m[K/usr/include/c++/13/bits/shared_ptr_base.h:971:16:[m[K   required from â€˜[01m[Kstd::__shared_count<_Lp>::[01;32m[K__shared_count[m[K(_Tp*&, std::_Sp_alloc_shared_tag<_Alloc>, _Args&& ...) [35m[K[with _Tp = Trajectory2; _Alloc = std::allocator<void>; _Args = {}; __gnu_cxx::_Lock_policy _Lp = __gnu_cxx::_S_atomic][m[K[m[Kâ€™
[3.808s] [01m[K/usr/include/c++/13/bits/shared_ptr_base.h:1712:14:[m[K   required from â€˜[01m[Kstd::__shared_ptr<_Tp, _Lp>::[01;32m[K__shared_ptr[m[K(std::_Sp_alloc_shared_tag<_Tp>, _Args&& ...) [35m[K[with _Alloc = std::allocator<void>; _Args = {}; _Tp = Trajectory2; __gnu_cxx::_Lock_policy _Lp = __gnu_cxx::_S_atomic][m[K[m[Kâ€™
[3.809s] [01m[K/usr/include/c++/13/bits/shared_ptr.h:464:59:[m[K   required from â€˜[01m[Kstd::shared_ptr<_Tp>::[01;32m[Kshared_ptr[m[K(std::_Sp_alloc_shared_tag<_Tp>, _Args&& ...) [35m[K[with _Alloc = std::allocator<void>; _Args = {}; _Tp = Trajectory2][m[K[m[Kâ€™
[3.809s] [01m[K/usr/include/c++/13/bits/shared_ptr.h:1009:14:[m[K   required from â€˜[01m[Kstd::shared_ptr<typename std::enable_if<(! std::is_array< <template-parameter-1-1> >::value), _Tp>::type> std::[01;32m[Kmake_shared[m[K(_Args&& ...) [35m[K[with _Tp = Trajectory2; _Args = {}; typename enable_if<(! is_array< <template-parameter-1-1> >::value), _Tp>::type = Trajectory2][m[K[m[Kâ€™
[3.809s] [01m[K/home/nguyen-anh-dung/ros2_ws/src/robot/src/trajectory2.cpp:112:45:[m[K   required from here
[3.809s] [01m[K/usr/include/c++/13/bits/stl_construct.h:119:7:[m[K [01;31m[Kerror: [m[Kuse of deleted function â€˜[01m[KTrajectory2::[01;32m[KTrajectory2[m[K()[m[Kâ€™
[3.809s]   119 |       [01;31m[K::new((void*)__p) _Tp(std::forward<_Args>(__args)...)[m[K;
[3.809s]       |       [01;31m[K^~~~~~~~~~~~~~~~~~~~~~~~~~~~~~~~~~~~~~~~~~~~~~~~~~~~~[m[K
[3.810s] [01m[K/home/nguyen-anh-dung/ros2_ws/src/robot/src/trajectory2.cpp:13:7:[m[K [01;36m[Knote: [m[Kâ€˜[01m[KTrajectory2::[01;32m[KTrajectory2[m[K()[m[Kâ€™ is implicitly deleted because the default definition would be ill-formed:
[3.810s]    13 | class [01;36m[KTrajectory2[m[K : public rclcpp::Node
[3.810s]       |       [01;36m[K^~~~~~~~~~~[m[K
[3.810s] [01m[K/home/nguyen-anh-dung/ros2_ws/src/robot/src/trajectory2.cpp:13:7:[m[K [01;31m[Kerror: [m[Kno matching function for call to â€˜[01m[Krclcpp::Node::Node()[m[Kâ€™
[3.810s] In file included from [01m[K/opt/ros/jazzy/include/rclcpp/rclcpp/executors/single_threaded_executor.hpp:28[m[K,
[3.810s]                  from [01m[K/opt/ros/jazzy/include/rclcpp/rclcpp/executors.hpp:22[m[K,
[3.811s]                  from [01m[K/opt/ros/jazzy/include/rclcpp/rclcpp/rclcpp.hpp:172[m[K,
[3.811s]                  from [01m[K/home/nguyen-anh-dung/ros2_ws/src/robot/src/trajectory2.cpp:6[m[K:
[3.811s] [01m[K/opt/ros/jazzy/include/rclcpp/rclcpp/node.hpp:1629:3:[m[K [01;36m[Knote: [m[Kcandidate: â€˜[01m[Krclcpp::Node::[01;32m[KNode[m[K(const rclcpp::Node&, const std::string&)[m[Kâ€™
[3.811s]  1629 |   [01;36m[KNode[m[K(
[3.811s]       |   [01;36m[K^~~~[m[K
[3.811s] [01m[K/opt/ros/jazzy/include/rclcpp/rclcpp/node.hpp:1629:3:[m[K [01;36m[Knote: [m[K  candidate expects 2 arguments, 0 provided
[3.812s] [01m[K/opt/ros/jazzy/include/rclcpp/rclcpp/node.hpp:103:12:[m[K [01;36m[Knote: [m[Kcandidate: â€˜[01m[Krclcpp::Node::[01;32m[KNode[m[K(const std::string&, const std::string&, const rclcpp::NodeOptions&)[m[Kâ€™
[3.812s]   103 |   explicit [01;36m[KNode[m[K(
[3.812s]       |            [01;36m[K^~~~[m[K
[3.812s] [01m[K/opt/ros/jazzy/include/rclcpp/rclcpp/node.hpp:103:12:[m[K [01;36m[Knote: [m[K  candidate expects 3 arguments, 0 provided
[3.812s] [01m[K/opt/ros/jazzy/include/rclcpp/rclcpp/node.hpp:91:12:[m[K [01;36m[Knote: [m[Kcandidate: â€˜[01m[Krclcpp::Node::[01;32m[KNode[m[K(const std::string&, const rclcpp::NodeOptions&)[m[Kâ€™
[3.812s]    91 |   explicit [01;36m[KNode[m[K(
[3.813s]       |            [01;36m[K^~~~[m[K
[3.813s] [01m[K/opt/ros/jazzy/include/rclcpp/rclcpp/node.hpp:91:12:[m[K [01;36m[Knote: [m[K  candidate expects 2 arguments, 0 provided
[4.050s] gmake[2]: *** [CMakeFiles/trajectory2.dir/build.make:76: CMakeFiles/trajectory2.dir/src/trajectory2.cpp.o] Error 1
[4.050s] gmake[1]: *** [CMakeFiles/Makefile2:221: CMakeFiles/trajectory2.dir/all] Error 2
[4.050s] gmake: *** [Makefile:146: all] Error 2
[4.052s] Invoked command in '/home/nguyen-anh-dung/ros2_ws/build/robot' returned '2': CMAKE_PREFIX_PATH=/home/nguyen-anh-dung/ros2_ws/install/roverc:/home/nguyen-anh-dung/ros2_ws/install/robot:/opt/ros/jazzy/opt/gz_math_vendor:/opt/ros/jazzy/opt/gz_utils_vendor:/opt/ros/jazzy/opt/gz_cmake_vendor:/home/nguyen-anh-dung/ros2_ws/install/roverc_client:/opt/ros/jazzy DEBUGINFOD_URLS=https://debuginfod.ubuntu.com PYTHONPATH=/home/nguyen-anh-dung/ros2_ws/install/roverc/lib/python3.12/site-packages:/home/nguyen-anh-dung/ros2_ws/install/roverc_client/lib/python3.12/site-packages:/opt/ros/jazzy/lib/python3.12/site-packages /usr/bin/cmake --build /home/nguyen-anh-dung/ros2_ws/build/robot -- -j8 -l8
